2026-02-14 07:58:01 INFO Starting application
2026-02-14 07:58:02 INFO Database connected
2026-02-14 07:58:03 INFO Loaded 6 active campaigns
2026-02-14 08:00:00 INFO Campaign CMP-1023 send started
2026-02-14 08:00:05 INFO Batch 1/10 dispatched for CMP-1023
2026-02-14 08:00:10 WARN Slow query detected on email_deliveries (412ms)
2026-02-14 08:00:15 INFO Batch 2/10 dispatched for CMP-1023
2026-02-14 08:00:22 ERROR SMTP timeout while sending to mail.example.com
2026-02-14 08:00:23 INFO Retry successful
2026-02-14 08:00:30 INFO Batch 3/10 dispatched for CMP-1023
2026-02-14 08:00:41 ERROR Connection refused by smtp.relay.local
2026-02-14 08:00:42 INFO Retry successful
2026-02-14 08:00:50 INFO Batch 4/10 dispatched for CMP-1023
2026-02-14 08:01:02 WARN Bounce rate above 5% for CMP-1023
2026-02-14 08:01:10 INFO Batch 5/10 dispatched for CMP-1023
2026-02-14 08:01:25 ERROR SMTP timeout while sending to mail.example.com
2026-02-14 08:01:26 INFO Retry successful
2026-02-14 08:01:40 INFO Batch 6/10 dispatched for CMP-1023
2026-02-14 08:01:58 WARN Slow query detected on customers (389ms)
2026-02-14 08:02:10 INFO Batch 7/10 dispatched for CMP-1023
2026-02-14 08:02:30 ERROR Connection refused by smtp.relay.local
2026-02-14 08:02:31 INFO Retry successful
2026-02-14 08:02:50 INFO Batch 8/10 dispatched for CMP-1023
2026-02-14 08:03:12 ERROR SMTP timeout while sending to mail.example.com
2026-02-14 08:03:13 INFO Retry successful
2026-02-14 08:03:30 INFO Batch 9/10 dispatched for CMP-1023
2026-02-14 08:03:55 WARN Bounce rate above 5% for CMP-1023
2026-02-14 08:04:10 INFO Batch 10/10 dispatched for CMP-1023
2026-02-14 08:04:15 INFO Campaign CMP-1023 send completed
2026-02-14 08:04:16 INFO Campaign summary generated for CMP-1023
2026-02-14 09:00:00 INFO Campaign CMP-1024 send started
2026-02-14 09:00:20 INFO Batch 1/3 dispatched for CMP-1024
2026-02-14 09:00:45 ERROR Connection refused by smtp.relay.local
2026-02-14 09:00:46 INFO Retry successful
2026-02-14 09:01:10 INFO Batch 2/3 dispatched for CMP-1024
2026-02-14 09:01:40 INFO Batch 3/3 dispatched for CMP-1024
2026-02-14 09:01:45 INFO Campaign CMP-1024 send completed
